2026-06-27 05:50:15,853 - INFO - Starting metadata extraction process for HAM cases at 2026-06-27 05:50:15
2026-06-27 05:50:16,154 - INFO - Found 50 text files to process in /content/drive/MyDrive/Penalaran Komputer (460, 464)/Data/raw
2026-06-27 05:50:16,405 - WARNING - No nomor_perkara found in case_005.txt. Sample text: p u t u s a nnomor 43 pid sus 2013 pn rhl demi keadilan berdasarkan ketuhanan yang maha esapengadilan negeri rokan hilir yang memeriksa mengadili dan memutus perkara perkara pidana pada pengadilan tin
2026-06-27 05:50:16,408 - INFO - Extracted date: 09 November 2012 (Year: 2012, Month: November, Day: 9) for case_005.txt
2026-06-27 05:50:16,411 - INFO - Set jenis_perkara to 'Pidana Khusus HAM' due to keyword 'kekerasan\s+dalam\s+rumah\s+tangga' in case_005.txt
2026-06-27 05:50:16,412 - INFO - Set tingkat_pemeriksaan to 'Pertama' for case_005.txt
2026-06-27 05:50:16,415 - INFO - Set lembaga_peradilan to 'Pengadilan Negeri' for case_005.txt
2026-06-27 05:50:16,420 - INFO - Extracted fallback pasal: pasal 44 ayat 3 for case_005.txt
2026-06-27 05:50:16,424 - INFO - Extracted hakim_ketua: hendri sumardi s h m h for case_005.txt
2026-06-27 05:50:16,433 - INFO - Extracted ringkasan_fakta using pattern 1 for case_005.txt: dan memutus perkara perkara pidana pada pengadilan tingkat pertama dengan acara pemeriksaan biasa telah menjatuhkan putusan sebagai berikut di bawah ini dalam perkara terdakwa nama lengkap porman boru
2026-06-27 05:50:16,435 - INFO - Extracted jumlah_kata_putusan: 10076 for case_005.txt
2026-06-27 05:50:16,436 - INFO - Processed text file: case_005.txt
2026-06-27 05:50:16,693 - INFO - Extracted nomor_perkara from pattern: 603 pid sus 2013 for case_006.txt
2026-06-27 05:50:16,694 - INFO - Extracted case year from nomor_perkara: 2013 for case_006.txt
2026-06-27 05:50:16,696 - INFO - Extracted date: 5 August 2013 (Year: 2013, Month: August, Day: 5) for case_006.txt
2026-06-27 05:50:16,697 - INFO - Set jenis_perkara to 'Pidana Khusus HAM' due to keyword 'kekerasan\s+dalam\s+rumah\s+tangga' in case_006.txt
2026-06-27 05:50:16,700 - INFO - Set tingkat_pemeriksaan to 'Banding' for case_006.txt
2026-06-27 05:50:16,701 - INFO - Set lembaga_peradilan to 'Pengadilan Negeri' for case_006.txt
2026-06-27 05:50:16,703 - INFO - Extracted fallback pasal: pasal 44 ayat 1 for case_006.txt
2026-06-27 05:50:16,704 - INFO - Extracted hakim_ketua: hakim tersebut for case_006.txt
2026-06-27 05:50:16,706 - INFO - Extracted ringkasan_fakta using pattern 1 for case_006.txt: perkara perkara pidana dengan acara biasa pada tingkat pertama telah menjatuhkan putusan sebagai berikut dalam perkara terdakwa nama lengkap midian manalu alias pak josua tempat lahir ledong asahan su
2026-06-27 05:50:16,707 - INFO - Extracted jumlah_kata_putusan: 4474 for case_006.txt
2026-06-27 05:50:16,708 - INFO - Processed text file: case_006.txt
2026-06-27 05:50:16,907 - WARNING - No nomor_perkara found in case_007.txt. Sample text: menimbang bahwa terdakwa diajukan di persidangan oleh penuntut umum dengan surat dakwaan sebagai berikut bahwa ia terdakwa hermanto als anto bin supranto pada hari jumat tanggal 03 juli 2015 sekira ja
2026-06-27 05:50:16,908 - INFO - Extracted date: 03 July 2015 (Year: 2015, Month: July, Day: 3) for case_007.txt
2026-06-27 05:50:16,914 - INFO - Set jenis_perkara to 'Pidana Khusus HAM' (default) for case_007.txt
2026-06-27 05:50:16,915 - INFO - Set tingkat_pemeriksaan to 'Banding' for case_007.txt
2026-06-27 05:50:16,916 - INFO - Set lembaga_peradilan to 'Pengadilan Negeri' for case_007.txt
2026-06-27 05:50:16,918 - INFO - Extracted fallback pasal: pasal 310 ayat 4 for case_007.txt
2026-06-27 05:50:16,920 - WARNING - No hakim_ketua found in case_007.txt
2026-06-27 05:50:17,051 - WARNING - No ringkasan_fakta found in case_007.txt.
2026-06-27 05:50:17,053 - INFO - Extracted jumlah_kata_putusan: 3158 for case_007.txt
2026-06-27 05:50:17,055 - INFO - Processed text file: case_007.txt
2026-06-27 05:50:17,269 - INFO - Extracted nomor_perkara from pattern: 39 pid sus 2016 for case_008.txt
2026-06-27 05:50:17,270 - INFO - Extracted case year from nomor_perkara: 2016 for case_008.txt
2026-06-27 05:50:17,270 - INFO - Extracted date: 2 March 2016 (Year: 2016, Month: March, Day: 2) for case_008.txt
2026-06-27 05:50:17,272 - INFO - Set jenis_perkara to 'Pidana Khusus HAM' due to keyword 'kekerasan\s+dalam\s+rumah\s+tangga' in case_008.txt
2026-06-27 05:50:17,275 - INFO - Set tingkat_pemeriksaan to 'Pertama' for case_008.txt
2026-06-27 05:50:17,285 - INFO - Set lembaga_peradilan to 'Pengadilan Negeri' for case_008.txt
2026-06-27 05:50:17,289 - INFO - Extracted pasal: pasal 44 ayat 1, 23 tahun 2004 for case_008.txt
2026-06-27 05:50:17,503 - WARNING - No hakim_ketua found in case_008.txt
2026-06-27 05:50:17,506 - INFO - Extracted ringkasan_fakta using pattern 1 for case_008.txt: perkara perkara pidana dengan acara biasa pada peradilan tingkat pertama telah menjatuhkan putusan sebagai berikut dalam perkara terdakwa nama lengkap anicha suci mahari panggilan suci tempat lahir so
2026-06-27 05:50:17,510 - INFO - Extracted jumlah_kata_putusan: 7295 for case_008.txt
2026-06-27 05:50:17,516 - INFO - Processed text file: case_008.txt
2026-06-27 05:50:17,746 - WARNING - No nomor_perkara found in case_009.txt. Sample text: menimbang bahwa terdakwa diajukan ke persidangan oleh penuntut umum didakwa berdasarkan surat dakwaan sebagai berikut dakwaan bahwa terdakwa samsudin als udin bin masrik alm pada hari senin tanggal 13
2026-06-27 05:50:17,747 - INFO - Extracted date: 13 July 2015 (Year: 2015, Month: July, Day: 13) for case_009.txt
2026-06-27 05:50:17,757 - INFO - Set jenis_perkara to 'Pidana Khusus HAM' (default) for case_009.txt
2026-06-27 05:50:17,758 - INFO - Set tingkat_pemeriksaan to 'Pertama' for case_009.txt
2026-06-27 05:50:17,761 - INFO - Set lembaga_peradilan to 'Pengadilan Negeri' for case_009.txt
2026-06-27 05:50:17,763 - INFO - Extracted pasal: pasal 81 ayat 2, 23 tahun 2002 for case_009.txt
2026-06-27 05:50:17,766 - WARNING - No hakim_ketua found in case_009.txt
2026-06-27 05:50:18,506 - WARNING - No ringkasan_fakta found in case_009.txt.
2026-06-27 05:50:18,509 - INFO - Extracted jumlah_kata_putusan: 4833 for case_009.txt
2026-06-27 05:50:18,514 - INFO - Processed text file: case_009.txt
2026-06-27 05:50:18,781 - WARNING - No nomor_perkara found in case_004.txt. Sample text: p u t u s a nnomor 31 pid sus 2013 pn ltk demi keadilan berdasarkan ketuhanan yang maha esa pengadilan negeri larantuka yang mengadili perkara perkara pidana anak pada peradilan tingkat pertama dengan
2026-06-27 05:50:18,784 - INFO - Extracted date: 8 April 2013 (Year: 2013, Month: April, Day: 8) for case_004.txt
2026-06-27 05:50:18,833 - INFO - Set jenis_perkara to 'Pidana Khusus HAM' due to keyword 'hak\s+keluarga' in case_004.txt
2026-06-27 05:50:18,843 - INFO - Set tingkat_pemeriksaan to 'Pertama' for case_004.txt
2026-06-27 05:50:18,860 - INFO - Set lembaga_peradilan to 'Pengadilan Negeri' for case_004.txt
2026-06-27 05:50:18,873 - INFO - Extracted pasal: pasal 23 ayat 2 huruf a, 3 tahun 1997 for case_004.txt
2026-06-27 05:50:18,892 - INFO - Extracted hakim_ketua: hakim no 31 pen pid sus 2013 pn ltk tertanggal 01 april 2013 tentang penetapan hari sidang menimbang bahwa terdakwa didakwa oleh penuntut umum dengan jenis dakwaan kombinasi sebagaimana tersebut dalam surat dakwaan no reg perk prin 15 p 3 16 ep 1 03 2013 tetanggal 12 maret 2013 yang pada pokoknya sebagai berikut dakwaankesatubahwa terdakwa fransiskus borgias fento fernandez dengan kornelius vester felix fernandez yang disidangkan terpisah pada hari kamis tanggal 07 februari 2013 sekitar pukul 21 30 wita atau setidak tidaknya pada suatu waktu dalam bulan februari tahun 2013 bertempat di 2 pinggir jalan raya dekat lorong nubaigo kelurahan waibalun kabupaten flores timur atau setidak tidaknya pada suatu tempat yang masih termasuk dalam daerah hukum pengadilan negeri larantuka dengan sengaja menghilangkan jiwa orang lain yaitu korban philipus lakun tukan sebagai orang yang melakukan atau turut melakukan perbuatan itu perbuatan tersebut dilakukan terdakwa dengan cara sebagai berikut bahwa pada waktu for case_004.txt
2026-06-27 05:50:18,897 - INFO - Extracted ringkasan_fakta using pattern 1 for case_004.txt: perkara perkara pidana anak pada peradilan tingkat pertama dengan acara pemeriksaan biasa telah menjatuhkan putusan sebagai berikut dalam perkara terdakwa nama lengkap fransiskus borgias fento fernand
2026-06-27 05:50:18,903 - INFO - Extracted jumlah_kata_putusan: 13281 for case_004.txt
2026-06-27 05:50:18,913 - INFO - Processed text file: case_004.txt
2026-06-27 05:50:19,219 - WARNING - No nomor_perkara found in case_002.txt. Sample text: p u t u s a nnomor 288 pid b 2013 pn psp demi keadilan berdasarkan ketuhanan yang maha esa pengadilan negeri pasir pangaraian yang memeriksa dan mengadili perkara pidana dengan acara pemeriksaan biasa
2026-06-27 05:50:19,223 - INFO - Extracted date: 03 October 2013 (Year: 2013, Month: October, Day: 3) for case_002.txt
2026-06-27 05:50:19,224 - INFO - Set jenis_perkara to 'Pidana Khusus HAM' due to keyword 'kekerasan\s+dalam\s+rumah\s+tangga' in case_002.txt
2026-06-27 05:50:19,237 - INFO - Set tingkat_pemeriksaan to 'Pertama' for case_002.txt
2026-06-27 05:50:19,243 - INFO - Set lembaga_peradilan to 'Pengadilan Negeri' for case_002.txt
2026-06-27 05:50:19,252 - INFO - Extracted fallback pasal: pasal 44 ayat 1 for case_002.txt
2026-06-27 05:50:19,258 - INFO - Extracted hakim_ketua: lia yuwannita sh mh serta anastasia irene sh masing masing sebagai hakim anggota putusan mana diucapkan pada hari itu juga dalam persidangan yang terbuka untuk umum oleh hakim ketua majelis tersebut dengan didampingi oleh hakim hakim anggota tersebut dengan dibantu oleh suridah sh panitera pengganti pada pengadilan negeri tersebut dengan dihadiri oleh jaidi s h penuntut umum pada kejaksaan negeri pasir pangaraian for case_002.txt
2026-06-27 05:50:19,263 - INFO - Extracted ringkasan_fakta using pattern 1 for case_002.txt: perkara pidana dengan acara pemeriksaan biasa pada tingkat pertama telah menjatuhkan putusan sebagai berikut dalam perkara atas nama terdakwa nama lengkap hanter susanto als hanter bin marhandatempat 
2026-06-27 05:50:19,270 - INFO - Extracted jumlah_kata_putusan: 3802 for case_002.txt
2026-06-27 05:50:19,273 - INFO - Processed text file: case_002.txt
2026-06-27 05:50:19,490 - WARNING - No nomor_perkara found in case_001.txt. Sample text: p u t u s a nnomor 163 pid b 2013 pn mdldemi keadilan berdasarkan ketuhanan yang maha esapengadilan negeri mandailing natal yang mengadili perkara perkara pidana dengan acara pemeriksaan biasa dalam p
2026-06-27 05:50:19,497 - INFO - Extracted date: 28 May 2013 (Year: 2013, Month: May, Day: 28) for case_001.txt
2026-06-27 05:50:19,500 - INFO - Set jenis_perkara to 'Pidana Khusus HAM' due to keyword 'kekerasan\s+dalam\s+rumah\s+tangga' in case_001.txt
2026-06-27 05:50:19,502 - INFO - Set tingkat_pemeriksaan to 'Pertama' for case_001.txt
2026-06-27 05:50:19,504 - INFO - Set lembaga_peradilan to 'Mahkamah Syar'iyah' for case_001.txt
2026-06-27 05:50:19,508 - INFO - Extracted pasal: pasal 193 ayat 1, 8 tahun 1981 for case_001.txt
2026-06-27 05:50:19,517 - INFO - Extracted hakim_ketua: terdakwa tidak mengajukan saksi yang meringankan saksi a de charge menimbang bahwa selanjutnya di persidangan terdakwa telah memberi keterangan pada pokoknya sebagai berikut bahwa pada hari selasa tanggal 14 mei 2013 sekitar pukul 13 00 wib bertempat di warung masni di jalan lintas timur desa pidoli dolok kecamatan panyabungan kabupaten mandailing natal terdakwa telah melakukan kekerasan dalam lingkup rumah tangga terhadap diri saksi korban eli bahwa kejadian tersebut bermula ketika saksi korban eli yang berada di warung milik masni bersama dengan irsan lubis 7 bahwa pada saat itu datang terdakwa sambil marah marah kepada irsan lubis dengan mengatakan sudah berapa kali kau setubuhi isteriku jawab irsan lubis setubuhi apa saya aja baru kenal sama isteri mu bahwa selanjutnya terdakwa marah marah kepada saksi korban eli dengan mengatakan kau ini aja ya kerja mu jawab saksi korban eli emang kenapa sayakan baik baik disini bahwa terdakwa tidak terima dengan ucapan saksi korban eli for case_001.txt
2026-06-27 05:50:19,523 - INFO - Extracted ringkasan_fakta using pattern 1 for case_001.txt: perkara perkara pidana dengan acara pemeriksaan biasa dalam peradilan tingkat pertama telah menjatuhkan putusan sebagai berikut dalam perkara terdakwa nama lengkap risalih nasution tempat lahir pidoli
2026-06-27 05:50:19,530 - INFO - Extracted jumlah_kata_putusan: 4273 for case_001.txt
2026-06-27 05:50:19,532 - INFO - Processed text file: case_001.txt
2026-06-27 05:50:19,804 - INFO - Extracted nomor_perkara from pattern: 22 pid sus 2015 for case_003.txt
2026-06-27 05:50:19,810 - INFO - Extracted case year from nomor_perkara: 2015 for case_003.txt
2026-06-27 05:50:19,817 - INFO - Extracted date: 31 March 2015 (Year: 2015, Month: March, Day: 31) for case_003.txt
2026-06-27 05:50:19,831 - INFO - Set jenis_perkara to 'Pidana Khusus HAM' due to keyword 'kekerasan\s+dalam\s+rumah\s+tangga' in case_003.txt
2026-06-27 05:50:19,839 - INFO - Set tingkat_pemeriksaan to 'Pertama' for case_003.txt
2026-06-27 05:50:19,847 - INFO - Set lembaga_peradilan to 'Pengadilan Negeri' for case_003.txt
2026-06-27 05:50:19,853 - INFO - Extracted pasal: pasal 6, 23 tahun 2004 for case_003.txt
2026-06-27 05:50:19,857 - WARNING - No hakim_ketua found in case_003.txt
2026-06-27 05:50:19,861 - INFO - Extracted ringkasan_fakta using pattern 1 for case_003.txt: perkara pidana dengan acara pemeriksaan biasa dalam tingkat pertama menjatuhkan putusan sebagai berikut dalam perkara terdakwa 1 nama lengkap melianus teflopo alias melianus 2 tempat lahir oenoah3 umu
2026-06-27 05:50:19,865 - INFO - Extracted jumlah_kata_putusan: 4365 for case_003.txt
2026-06-27 05:50:19,869 - INFO - Processed text file: case_003.txt
2026-06-27 05:50:20,124 - WARNING - No nomor_perkara found in case_010.txt. Sample text: p u t u s a nnomor 07 pid sus 2014 pn soe demi keadilan berdasarkan ketuhanan yang maha esa pengadilan negeri soe yang mengadili perkara perkara pidana biasa dalam peradilan tingkat pertama telah menj
2026-06-27 05:50:20,139 - INFO - Extracted date: 19 October 2013 (Year: 2013, Month: October, Day: 19) for case_010.txt
2026-06-27 05:50:20,157 - INFO - Set jenis_perkara to 'Pidana Khusus HAM' due to keyword 'kekerasan\s+dalam\s+rumah\s+tangga' in case_010.txt
2026-06-27 05:50:20,160 - INFO - Set tingkat_pemeriksaan to 'Pertama' for case_010.txt
2026-06-27 05:50:20,175 - INFO - Set lembaga_peradilan to 'Mahkamah Agung' for case_010.txt
2026-06-27 05:50:20,179 - INFO - Extracted pasal: pasal 44 ayat 3, 23 tahun 2004 for case_010.txt
2026-06-27 05:50:20,196 - INFO - Extracted hakim_ketua: handy reformen kacaribu s h m h for case_010.txt
2026-06-27 05:50:20,209 - INFO - Extracted ringkasan_fakta using pattern 1 for case_010.txt: perkara perkara pidana biasa dalam peradilan tingkat pertama telah menjatuhkan putusan sebagai berikut dibawah ini dalam perkara terdakwa nama lengkaptempat lahirumur tanggal lahirjenis kelaminkebangs
2026-06-27 05:50:20,231 - INFO - Extracted jumlah_kata_putusan: 7754 for case_010.txt
2026-06-27 05:50:20,236 - INFO - Processed text file: case_010.txt
2026-06-27 05:50:20,490 - WARNING - No nomor_perkara found in case_011.txt. Sample text: p u t u s a nnomor 37 pid sus 2016 pn soedemi keadilan berdasarkan ketuhanan yang maha esapengadilan negeri soe yang mengadili perkara pidana dengan acara pemeriksaan biasa dalam tingkat pertama menja
2026-06-27 05:50:20,495 - INFO - Extracted date: 8 January 2016 (Year: 2016, Month: January, Day: 8) for case_011.txt
2026-06-27 05:50:20,501 - INFO - Set jenis_perkara to 'Pidana Khusus HAM' due to keyword 'kekerasan\s+dalam\s+rumah\s+tangga' in case_011.txt
2026-06-27 05:50:20,508 - INFO - Set tingkat_pemeriksaan to 'Pertama' for case_011.txt
2026-06-27 05:50:20,510 - INFO - Set lembaga_peradilan to 'Pengadilan Negeri' for case_011.txt
2026-06-27 05:50:20,515 - INFO - Extracted pasal: pasal 44 ayat 1, 23 tahun 2004 for case_011.txt
2026-06-27 05:50:20,519 - INFO - Extracted hakim_ketua: putu agung putra baharata sh for case_011.txt
2026-06-27 05:50:20,524 - INFO - Extracted ringkasan_fakta using pattern 1 for case_011.txt: perkara pidana dengan acara pemeriksaan biasa dalam tingkat pertama menjatuhkan putusan sebagai berikut dalam perkara terdakwa 1 nama lengkap marthen lakapu alias ten 2 tempat lahir nonokiba 3 umur ta
2026-06-27 05:50:20,530 - INFO - Extracted jumlah_kata_putusan: 5483 for case_011.txt
2026-06-27 05:50:20,534 - INFO - Processed text file: case_011.txt
2026-06-27 05:50:20,837 - WARNING - No nomor_perkara found in case_012.txt. Sample text: p u t u s a nnomor 43 pid sus 2014 pn rhl demi keadilan berdasarkan ketuhanan yang maha esa pengadilan negeri rokan hilir yang mengadili perkara perkara pidana pada peradilan tingkat pertama telah men
2026-06-27 05:50:20,843 - INFO - Extracted date: 02 December 2013 (Year: 2013, Month: December, Day: 2) for case_012.txt
2026-06-27 05:50:20,844 - INFO - Set jenis_perkara to 'Pidana Khusus HAM' due to keyword 'kekerasan\s+dalam\s+rumah\s+tangga' in case_012.txt
2026-06-27 05:50:20,846 - INFO - Set tingkat_pemeriksaan to 'Pertama' for case_012.txt
2026-06-27 05:50:20,848 - INFO - Set lembaga_peradilan to 'Pengadilan Negeri' for case_012.txt
2026-06-27 05:50:20,853 - INFO - Extracted fallback pasal: pasal 44 ayat 1 for case_012.txt
2026-06-27 05:50:20,859 - INFO - Extracted hakim_ketua: nomor 43 pid sus 2014 pn rhl tanggal 27 januari 2014 tentang penentuan hari for case_012.txt
2026-06-27 05:50:20,863 - INFO - Extracted ringkasan_fakta using pattern 1 for case_012.txt: perkara perkara pidana pada peradilan tingkat pertama telah menjatuhkan putusan di bawah ini dalam perkara atas nama terdakwa nama lengkap bonari simanjuntak tempat lahir tapanuli selatan sumut umur t
2026-06-27 05:50:20,868 - INFO - Extracted jumlah_kata_putusan: 5313 for case_012.txt
2026-06-27 05:50:20,870 - INFO - Processed text file: case_012.txt
2026-06-27 05:50:21,101 - WARNING - No nomor_perkara found in case_013.txt. Sample text: p u t u s a nnomor 38 pid sus 2014 pn soe demi keadilan berdasarkan ketuhanan yang maha esa pengadilan negeri soe yang mengadili perkara perkara pidana dalam peradilan tingkat pertama yang telah diper
2026-06-27 05:50:21,107 - INFO - Extracted date: 17 June 2014 (Year: 2014, Month: June, Day: 17) for case_013.txt
2026-06-27 05:50:21,108 - INFO - Set jenis_perkara to 'Pidana Khusus HAM' due to keyword 'kekerasan\s+dalam\s+rumah\s+tangga' in case_013.txt
2026-06-27 05:50:21,111 - INFO - Set tingkat_pemeriksaan to 'Pertama' for case_013.txt
2026-06-27 05:50:21,119 - INFO - Set lembaga_peradilan to 'Pengadilan Negeri' for case_013.txt
2026-06-27 05:50:21,121 - INFO - Extracted pasal: pasal 49 ayat 1 huruf a, 23 tahun 2004 for case_013.txt
2026-06-27 05:50:21,127 - WARNING - No hakim_ketua found in case_013.txt
2026-06-27 05:50:21,129 - INFO - Extracted ringkasan_fakta using pattern 1 for case_013.txt: perkara perkara pidana dalam peradilan tingkat pertama yang telah diperiksa dengan acara pemeriksaan biasa telah menjatuhkan putusan sebagai berikut dalam perkara terdakwa nama lengkap aminadab tefa a
2026-06-27 05:50:21,133 - INFO - Extracted jumlah_kata_putusan: 3729 for case_013.txt
2026-06-27 05:50:21,138 - INFO - Processed text file: case_013.txt
2026-06-27 05:50:21,362 - INFO - Extracted nomor_perkara from pattern: 2803 pdt g 2025 for case_014.txt
2026-06-27 05:50:21,367 - INFO - Extracted case year from nomor_perkara: 2025 for case_014.txt
2026-06-27 05:50:21,370 - WARNING - Extracted year 2005 differs significantly from case year 2025 in case_014.txt. Using case year.
2026-06-27 05:50:21,374 - INFO - Extracted date: 25 June 2025 (Year: 2025, Month: June, Day: 25) for case_014.txt
2026-06-27 05:50:21,382 - INFO - Set jenis_perkara to 'Pidana Khusus HAM' due to keyword 'perkawinan' in case_014.txt
2026-06-27 05:50:21,389 - INFO - Set tingkat_pemeriksaan to 'Pertama' for case_014.txt
2026-06-27 05:50:21,395 - INFO - Set lembaga_peradilan to 'Mahkamah Syar'iyah' for case_014.txt
2026-06-27 05:50:21,399 - INFO - Extracted pasal: pasal 116, Kompilasi Hukum Islam for case_014.txt
2026-06-27 05:50:21,404 - WARNING - No hakim_ketua found in case_014.txt
2026-06-27 05:50:21,407 - INFO - Extracted ringkasan_fakta using pattern 1 for case_014.txt: perkaratertentu pada tingkat pertama dalam persidangan majelis telah menjatuhkanputusan perkara cerai gugat antara penggugat umur 38 tahun agama islam pendidikan s1 pekerjaanxxxxxxxx xxxxxx tempat tin
2026-06-27 05:50:21,412 - INFO - Extracted jumlah_kata_putusan: 2470 for case_014.txt
2026-06-27 05:50:21,416 - INFO - Processed text file: case_014.txt
2026-06-27 05:50:21,683 - INFO - Extracted nomor_perkara from pattern: 72 pid sus 2014 for case_015.txt
2026-06-27 05:50:21,684 - INFO - Extracted case year from nomor_perkara: 2014 for case_015.txt
2026-06-27 05:50:21,684 - INFO - Extracted date: 19 March 2014 (Year: 2014, Month: March, Day: 19) for case_015.txt
2026-06-27 05:50:21,685 - INFO - Set jenis_perkara to 'Pidana Khusus HAM' due to keyword 'kekerasan\s+dalam\s+rumah\s+tangga' in case_015.txt
2026-06-27 05:50:21,686 - INFO - Set tingkat_pemeriksaan to 'Pertama' for case_015.txt
2026-06-27 05:50:21,688 - INFO - Set lembaga_peradilan to 'Pengadilan Negeri' for case_015.txt
2026-06-27 05:50:21,690 - INFO - Extracted pasal: pasal 34, 1 tahun 1974 for case_015.txt
2026-06-27 05:50:21,691 - WARNING - No hakim_ketua found in case_015.txt
2026-06-27 05:50:21,692 - INFO - Extracted ringkasan_fakta using pattern 1 for case_015.txt: perkara pidana pada tingkat pertama dengan acara pemeriksaan biasa menjatuhkan putusan sebagai berikut dalam perkara terdakwa nama lengkap rufus tse alias rufus tempat lahir obaki umur tgl lahir 44 ta
2026-06-27 05:50:21,694 - INFO - Extracted jumlah_kata_putusan: 5736 for case_015.txt
2026-06-27 05:50:21,695 - INFO - Processed text file: case_015.txt
2026-06-27 05:50:21,945 - INFO - Extracted nomor_perkara from pattern: 239 pdt g 2025 for case_016.txt
2026-06-27 05:50:21,946 - INFO - Extracted case year from nomor_perkara: 2025 for case_016.txt
2026-06-27 05:50:21,948 - INFO - Extracted date: 23 January 2025 (Year: 2025, Month: January, Day: 23) for case_016.txt
2026-06-27 05:50:21,953 - INFO - Set jenis_perkara to 'Pidana Khusus HAM' due to keyword 'perkawinan' in case_016.txt
2026-06-27 05:50:21,954 - INFO - Set tingkat_pemeriksaan to 'Pertama' for case_016.txt
2026-06-27 05:50:21,956 - INFO - Set lembaga_peradilan to 'Mahkamah Agung' for case_016.txt
2026-06-27 05:50:21,957 - INFO - Extracted pasal: pasal 116 huruf f, Kompilasi Hukum Islam for case_016.txt
2026-06-27 05:50:21,959 - WARNING - No hakim_ketua found in case_016.txt
2026-06-27 05:50:21,962 - INFO - Extracted ringkasan_fakta using pattern 1 for case_016.txt: perkara tertentu dalam tingkat pertama dalam sidang majelis hakim telah menjatuhkan putusan dalam perkara ceraigugat antara xxxxx tempat dan tanggal lahir bandung 1 agustus 1991 agamaislam pekerjaan g
2026-06-27 05:50:21,964 - INFO - Extracted jumlah_kata_putusan: 4806 for case_016.txt
2026-06-27 05:50:21,965 - INFO - Processed text file: case_016.txt
2026-06-27 05:50:22,150 - WARNING - No nomor_perkara found in case_017.txt. Sample text: p u t u s a nno 236 pid b 2012 pn jkt utr demi keadilan berdasarkan ketuhanan yang maha esapengadilan negeri jakarta utara yang memeriksa dan mengadili perkara pidana dengan acara pemeriksaan biasa te
2026-06-27 05:50:22,152 - INFO - Extracted date: 17 September 2011 (Year: 2011, Month: September, Day: 17) for case_017.txt
2026-06-27 05:50:22,179 - INFO - Set jenis_perkara to 'Pidana Khusus HAM' (default) for case_017.txt
2026-06-27 05:50:22,182 - INFO - Set tingkat_pemeriksaan to 'Pertama' for case_017.txt
2026-06-27 05:50:22,185 - INFO - Set lembaga_peradilan to 'Pengadilan Tinggi' for case_017.txt
2026-06-27 05:50:22,190 - INFO - Extracted fallback pasal: pasal 114 ayat 2 for case_017.txt
2026-06-27 05:50:22,196 - INFO - Extracted hakim_ketua: supomo sh mh for case_017.txt
2026-06-27 05:50:22,199 - INFO - Extracted ringkasan_fakta using pattern 1 for case_017.txt: perkara pidana dengan acara pemeriksaan biasa telah menjatuhkan putusan sebagai berikut dalam perkara 1 nama lengkap chen yu hsiang als awei als toni als roy wijayatempat lahir gao siongumur tanggal l
2026-06-27 05:50:22,204 - INFO - Extracted jumlah_kata_putusan: 47744 for case_017.txt
2026-06-27 05:50:22,207 - INFO - Processed text file: case_017.txt
2026-06-27 05:50:22,465 - WARNING - No nomor_perkara found in case_018.txt. Sample text: p u t u s a nnomor 688 pid sus 2013 pn rhl demi keadilan berdasarkan ketuhanan yang maha esa pengadilan negeri rokan hilir di ujung tanjung yang memeriksa dan mengadili perkara perkara pidana dengan a
2026-06-27 05:50:22,467 - INFO - Extracted date: 07 June 2013 (Year: 2013, Month: June, Day: 7) for case_018.txt
2026-06-27 05:50:22,469 - INFO - Set jenis_perkara to 'Pidana Khusus HAM' due to keyword 'kekerasan\s+dalam\s+rumah\s+tangga' in case_018.txt
2026-06-27 05:50:22,470 - INFO - Set tingkat_pemeriksaan to 'Pertama' for case_018.txt
2026-06-27 05:50:22,471 - INFO - Set lembaga_peradilan to 'Pengadilan Negeri' for case_018.txt
2026-06-27 05:50:22,474 - INFO - Extracted pasal: pasal 6, 23 tahun 2004 for case_018.txt
2026-06-27 05:50:22,475 - INFO - Extracted hakim_ketua: p h h patra sianipar sh for case_018.txt
2026-06-27 05:50:22,477 - INFO - Extracted ringkasan_fakta using pattern 1 for case_018.txt: perkara perkara pidana dengan acara pemeriksaan biasa pada peradilan tingkat pertama telah menjatuhkan putusan sebagai berikut dalam perkaranya terdakwa namatempat lahirumur tanggal lahirjenis kelamin
2026-06-27 05:50:22,478 - INFO - Extracted jumlah_kata_putusan: 3702 for case_018.txt
2026-06-27 05:50:22,480 - INFO - Processed text file: case_018.txt
2026-06-27 05:50:22,714 - INFO - Extracted nomor_perkara from pattern: 47 pid sus 2014 for case_019.txt
2026-06-27 05:50:22,715 - INFO - Extracted case year from nomor_perkara: 2014 for case_019.txt
2026-06-27 05:50:22,718 - INFO - Extracted date: 3 March 2014 (Year: 2014, Month: March, Day: 3) for case_019.txt
2026-06-27 05:50:22,718 - INFO - Set jenis_perkara to 'Pidana Khusus HAM' due to keyword 'kekerasan\s+dalam\s+rumah\s+tangga' in case_019.txt
2026-06-27 05:50:22,720 - INFO - Set tingkat_pemeriksaan to 'Pertama' for case_019.txt
2026-06-27 05:50:22,723 - INFO - Set lembaga_peradilan to 'Pengadilan Negeri' for case_019.txt
2026-06-27 05:50:22,725 - INFO - Extracted pasal: pasal 44 ayat 1, 23 tahun 2004 for case_019.txt
2026-06-27 05:50:22,727 - WARNING - No hakim_ketua found in case_019.txt
2026-06-27 05:50:22,728 - INFO - Extracted ringkasan_fakta using pattern 1 for case_019.txt: perkara pidana pada tingkat pertama dengan acara pemeriksaan biasa menjatuhkan putusan sebagai berikut dalam perkara terdakwa nama lengkap yefta rubenson henukh tempat lahir tuasene umur tanggal lahir
2026-06-27 05:50:22,730 - INFO - Extracted jumlah_kata_putusan: 5044 for case_019.txt
2026-06-27 05:50:22,732 - INFO - Processed text file: case_019.txt
2026-06-27 05:50:22,981 - INFO - Extracted nomor_perkara from pattern: 50 pid sus 2014 for case_020.txt
2026-06-27 05:50:22,982 - INFO - Extracted case year from nomor_perkara: 2014 for case_020.txt
2026-06-27 05:50:22,983 - INFO - Extracted date: 14 March 2014 (Year: 2014, Month: March, Day: 14) for case_020.txt
2026-06-27 05:50:22,984 - INFO - Set jenis_perkara to 'Pidana Khusus HAM' due to keyword 'kekerasan\s+dalam\s+rumah\s+tangga' in case_020.txt
2026-06-27 05:50:22,985 - INFO - Set tingkat_pemeriksaan to 'Pertama' for case_020.txt
2026-06-27 05:50:22,987 - INFO - Set lembaga_peradilan to 'Pengadilan Negeri' for case_020.txt
2026-06-27 05:50:22,989 - INFO - Extracted pasal: pasal 34, 1 tahun 1974 for case_020.txt
2026-06-27 05:50:23,009 - WARNING - No hakim_ketua found in case_020.txt
2026-06-27 05:50:23,011 - INFO - Extracted ringkasan_fakta using pattern 1 for case_020.txt: perkara pidana dengan acara pemeriksaan biasa pada peradilan tingkat pertama menjatuhkan putusan sebagai berikut dalam perkara terdakwa nama yunus ano alias yunus tempat lahir kusi umur tgl lahir 38 t
2026-06-27 05:50:23,013 - INFO - Extracted jumlah_kata_putusan: 5298 for case_020.txt
2026-06-27 05:50:23,014 - INFO - Processed text file: case_020.txt
2026-06-27 05:50:23,209 - WARNING - No nomor_perkara found in case_021.txt. Sample text: p u t u s a nnomor 210 pid sus 2013 pt smg demi keadilan berdasarkan ketuhanan yang maha esapengadilan tinggi semarang yang mengadili perkara pidana pada tingkat banding menjatuhkan putusan sebagai be
2026-06-27 05:50:23,210 - INFO - Extracted date: 10 July 2013 (Year: 2013, Month: July, Day: 10) for case_021.txt
2026-06-27 05:50:23,214 - INFO - Set jenis_perkara to 'Pidana Khusus HAM' (default) for case_021.txt
2026-06-27 05:50:23,217 - INFO - Set tingkat_pemeriksaan to 'Banding' for case_021.txt
2026-06-27 05:50:23,218 - INFO - Set lembaga_peradilan to 'Pengadilan Tinggi' for case_021.txt
2026-06-27 05:50:23,220 - INFO - Extracted fallback pasal: pasal 81 ayat 2 for case_021.txt
2026-06-27 05:50:23,221 - INFO - Extracted hakim_ketua: dengan h faturrahman sh for case_021.txt
2026-06-27 05:50:23,223 - INFO - Extracted ringkasan_fakta using pattern 1 for case_021.txt: perkara pidana pada tingkat banding menjatuhkan putusan sebagai berikut dalam perkara terdakwa nama lengkap ali syahdana alias dana bin hermansyah tempat lahir banyumas umur tanggal lahir 17 tahun 07 
2026-06-27 05:50:23,224 - INFO - Extracted jumlah_kata_putusan: 2797 for case_021.txt
2026-06-27 05:50:23,225 - INFO - Processed text file: case_021.txt
2026-06-27 05:50:23,453 - WARNING - No nomor_perkara found in case_022.txt. Sample text: p u t u s a nnomor 88 pid sus 2012 pn ltk demi keadilan berdasarkan ketuhanan yang maha esapengadilan negeri larantuka yang mengadili perkara pidana dengan acara pemeriksaan biasa pada peradilan tingk
2026-06-27 05:50:23,454 - INFO - Extracted date: 16 July 2012 (Year: 2012, Month: July, Day: 16) for case_022.txt
2026-06-27 05:50:23,456 - INFO - Set jenis_perkara to 'Pidana Khusus HAM' due to keyword 'kekerasan\s+dalam\s+rumah\s+tangga' in case_022.txt
2026-06-27 05:50:23,457 - INFO - Set tingkat_pemeriksaan to 'Pertama' for case_022.txt
2026-06-27 05:50:23,459 - INFO - Set lembaga_peradilan to 'Pengadilan Negeri' for case_022.txt
2026-06-27 05:50:23,462 - INFO - Extracted fallback pasal: pasal 5 huruf b for case_022.txt
2026-06-27 05:50:23,466 - INFO - Extracted hakim_ketua: timur agung nugroho sh mhum for case_022.txt
2026-06-27 05:50:23,470 - INFO - Extracted ringkasan_fakta using pattern 1 for case_022.txt: perkara pidana dengan acara pemeriksaan biasa pada peradilan tingkat pertama telah menjatuhkan putusan sebagaimana tersebut dibawah ini dalam perkara terdakwa nama lengkap laurensius sriyati tempat la
2026-06-27 05:50:23,472 - INFO - Extracted jumlah_kata_putusan: 5918 for case_022.txt
2026-06-27 05:50:23,475 - INFO - Processed text file: case_022.txt
2026-06-27 05:50:23,706 - WARNING - No nomor_perkara found in case_023.txt. Sample text: p u t u s a n nomor 31 pid sus 2014 pn soe demi keadilan berdasarkan ketuhanan yang maha esa pengadilan negeri soe yang mengadili perkara perkara pidana dengan acara pemeriksaan biasa pada peradilan t
2026-06-27 05:50:23,707 - INFO - Extracted date: 3 January 2014 (Year: 2014, Month: January, Day: 3) for case_023.txt
2026-06-27 05:50:23,708 - INFO - Set jenis_perkara to 'Pidana Khusus HAM' due to keyword 'kekerasan\s+dalam\s+rumah\s+tangga' in case_023.txt
2026-06-27 05:50:23,710 - INFO - Set tingkat_pemeriksaan to 'Pertama' for case_023.txt
2026-06-27 05:50:23,712 - INFO - Set lembaga_peradilan to 'Pengadilan Negeri' for case_023.txt
2026-06-27 05:50:23,715 - INFO - Extracted pasal: pasal 44 ayat 4, 23 tahun 2004 for case_023.txt
2026-06-27 05:50:23,716 - WARNING - No hakim_ketua found in case_023.txt
2026-06-27 05:50:23,718 - INFO - Extracted ringkasan_fakta using pattern 1 for case_023.txt: perkara perkara pidana dengan acara pemeriksaan biasa pada peradilan tingkat pertama telah menjatuhkan putusan sebagaimana yang terurai di bawah ini dalam perkara terdakwa nama lengkap martinus sonbai
2026-06-27 05:50:23,720 - INFO - Extracted jumlah_kata_putusan: 5625 for case_023.txt
2026-06-27 05:50:23,722 - INFO - Processed text file: case_023.txt
2026-06-27 05:50:23,936 - INFO - Extracted nomor_perkara from pattern: 47 pid sus 2016 for case_024.txt
2026-06-27 05:50:23,937 - INFO - Extracted case year from nomor_perkara: 2016 for case_024.txt
2026-06-27 05:50:23,941 - INFO - Extracted date: 6 February 2016 (Year: 2016, Month: February, Day: 6) for case_024.txt
2026-06-27 05:50:23,942 - INFO - Set jenis_perkara to 'Pidana Khusus HAM' due to keyword 'kekerasan\s+dalam\s+rumah\s+tangga' in case_024.txt
2026-06-27 05:50:23,944 - INFO - Set tingkat_pemeriksaan to 'Pertama' for case_024.txt
2026-06-27 05:50:23,946 - INFO - Set lembaga_peradilan to 'Pengadilan Negeri' for case_024.txt
2026-06-27 05:50:23,949 - INFO - Extracted pasal: pasal 46 ayat 1, 23 tahun 2004 for case_024.txt
2026-06-27 05:50:23,951 - INFO - Extracted hakim_ketua: putu agung putra baharata sh for case_024.txt
2026-06-27 05:50:23,953 - INFO - Extracted ringkasan_fakta using pattern 1 for case_024.txt: perkara pidana dengan acara pemeriksaan biasa dalam tingkat pertama menjatuhkan putusan sebagai berikut dalam perkara terdakwa 1 nama lengkap korinus neno 2 tempat lahir kelle tunan 3 umur tanggal lah
2026-06-27 05:50:23,954 - INFO - Extracted jumlah_kata_putusan: 7434 for case_024.txt
2026-06-27 05:50:23,955 - INFO - Processed text file: case_024.txt
2026-06-27 05:50:24,177 - WARNING - No nomor_perkara found in case_025.txt. Sample text: p u t u s a nnomor xxx pdt p 2025 ms sgi demi keadilan berdasarkan ketuhanan yang maha esamahkamah syar iyah siglimemeriksa dan mengadili perkara tertentu pada tingkat pertama dalamsidang majelis tela
2026-06-27 05:50:24,181 - INFO - Extracted date: 07 May 2025 (Year: 2025, Month: May, Day: 7) for case_025.txt
2026-06-27 05:50:24,184 - INFO - Set jenis_perkara to 'Pidana Khusus HAM' due to keyword 'itsbat\s+nikah' in case_025.txt
2026-06-27 05:50:24,185 - INFO - Set tingkat_pemeriksaan to 'Pertama' for case_025.txt
2026-06-27 05:50:24,186 - INFO - Set lembaga_peradilan to 'Mahkamah Agung' for case_025.txt
2026-06-27 05:50:24,188 - INFO - Extracted pasal: pasal 4 ayat 1, 18 tahun 2003 for case_025.txt
2026-06-27 05:50:24,189 - WARNING - No hakim_ketua found in case_025.txt
2026-06-27 05:50:24,192 - INFO - Extracted ringkasan_fakta using pattern 1 for case_025.txt: perkara tertentu pada tingkat pertama dalamsidang majelis telah menjatuhkan putusan perkara itsbat nikah yang diajukanoleh pemohon nik xxx tempat tgl lahir pidie xxx agama islam pendidikanxxx pekerjaa
2026-06-27 05:50:24,194 - INFO - Extracted jumlah_kata_putusan: 3262 for case_025.txt
2026-06-27 05:50:24,195 - INFO - Processed text file: case_025.txt
2026-06-27 05:50:24,411 - INFO - Extracted nomor_perkara from pattern: 119 pdt g 2025 pa for case_026.txt
2026-06-27 05:50:24,412 - INFO - Extracted date: 28 May 2023 (Year: 2023, Month: May, Day: 28) for case_026.txt
2026-06-27 05:50:24,417 - INFO - Set jenis_perkara to 'Pidana Khusus HAM' due to keyword 'perkawinan' in case_026.txt
2026-06-27 05:50:24,419 - INFO - Set tingkat_pemeriksaan to 'Pertama' for case_026.txt
2026-06-27 05:50:24,420 - INFO - Set lembaga_peradilan to 'Mahkamah Agung' for case_026.txt
2026-06-27 05:50:24,422 - INFO - Extracted pasal: pasal 49, 3 tahun 2006 for case_026.txt
2026-06-27 05:50:24,485 - WARNING - No hakim_ketua found in case_026.txt
2026-06-27 05:50:24,487 - INFO - Extracted ringkasan_fakta using pattern 1 for case_026.txt: perkara perdata agama pada tingkat pertama dalamsidang majelis hakim yang dilaksanakan secara elektronik telah menjatuhkanputusan dalam perkara cerai gugat antara penggugat nik tempat dan tanggal lahi
2026-06-27 05:50:24,488 - INFO - Extracted jumlah_kata_putusan: 3541 for case_026.txt
2026-06-27 05:50:24,489 - INFO - Processed text file: case_026.txt
2026-06-27 05:50:24,694 - WARNING - No nomor_perkara found in case_027.txt. Sample text: menimbang bahwa terdakwa didakwa oleh jaksa penuntut umum berdasarkan surat dakwaannya no reg perk pdm 89 pkl ci 08 2015 secara tunggal sebagai berikut bahwa terdakwa rajiman saut saragih pada hari se
2026-06-27 05:50:24,698 - INFO - Extracted date: 06 July 2015 (Year: 2015, Month: July, Day: 6) for case_027.txt
2026-06-27 05:50:24,701 - INFO - Set jenis_perkara to 'Pidana Khusus HAM' (default) for case_027.txt
2026-06-27 05:50:24,704 - INFO - Set tingkat_pemeriksaan to 'Pertama' for case_027.txt
2026-06-27 05:50:24,706 - INFO - Set lembaga_peradilan to 'Pengadilan Negeri' for case_027.txt
2026-06-27 05:50:24,709 - INFO - Extracted pasal: pasal 81 ayat 2, 23 tahun 2002 for case_027.txt
2026-06-27 05:50:24,711 - WARNING - No hakim_ketua found in case_027.txt
2026-06-27 05:50:24,872 - WARNING - No ringkasan_fakta found in case_027.txt.
2026-06-27 05:50:24,874 - INFO - Extracted jumlah_kata_putusan: 2792 for case_027.txt
2026-06-27 05:50:24,876 - INFO - Processed text file: case_027.txt
2026-06-27 05:50:25,098 - WARNING - No nomor_perkara found in case_028.txt. Sample text: p u t u s a nnomor 69 pid sus 2014 pn soe demi keadilan berdasarkan ketuhanan yang maha esapengadilan negeri soe yang mengadili perkara perkara pidana pada pengadilan tingkat pertama telah menjatuhkan
2026-06-27 05:50:25,100 - INFO - Extracted date: 28 February 2014 (Year: 2014, Month: February, Day: 28) for case_028.txt
2026-06-27 05:50:25,103 - INFO - Set jenis_perkara to 'Pidana Khusus HAM' due to keyword 'kekerasan\s+dalam\s+rumah\s+tangga' in case_028.txt
2026-06-27 05:50:25,107 - INFO - Set tingkat_pemeriksaan to 'Pertama' for case_028.txt
2026-06-27 05:50:25,110 - INFO - Set lembaga_peradilan to 'Pengadilan Negeri' for case_028.txt
2026-06-27 05:50:25,111 - INFO - Extracted fallback pasal: pasal 44 ayat 1 for case_028.txt
2026-06-27 05:50:25,112 - INFO - Extracted hakim_ketua: didampingi oleh handy r kacaribu s h m h for case_028.txt
2026-06-27 05:50:25,114 - INFO - Extracted ringkasan_fakta using pattern 1 for case_028.txt: perkara perkara pidana pada pengadilan tingkat pertama telah menjatuhkan putusan sebagai berikut dalam perkara terdakwa nama lengkap anton paulus kase tempat lahir kualeu umur tgl lahir 30 tahun 26 ag
2026-06-27 05:50:25,115 - INFO - Extracted jumlah_kata_putusan: 5048 for case_028.txt
2026-06-27 05:50:25,116 - INFO - Processed text file: case_028.txt
2026-06-27 05:50:25,359 - INFO - Extracted nomor_perkara from pattern: 703 pid sus 2013 for case_029.txt
2026-06-27 05:50:25,360 - INFO - Extracted case year from nomor_perkara: 2013 for case_029.txt
2026-06-27 05:50:25,362 - INFO - Extracted date: 3 October 2013 (Year: 2013, Month: October, Day: 3) for case_029.txt
2026-06-27 05:50:25,378 - INFO - Set jenis_perkara to 'Pidana Khusus HAM' (default) for case_029.txt
2026-06-27 05:50:25,380 - INFO - Set tingkat_pemeriksaan to 'Pertama' for case_029.txt
2026-06-27 05:50:25,384 - INFO - Set lembaga_peradilan to 'Pengadilan Negeri' for case_029.txt
2026-06-27 05:50:25,387 - INFO - Extracted fallback pasal: pasal 385 ayat 1 for case_029.txt
2026-06-27 05:50:25,389 - INFO - Extracted hakim_ketua: hakim tersebut for case_029.txt
2026-06-27 05:50:25,396 - INFO - Extracted ringkasan_fakta using pattern 1 for case_029.txt: perkara perkara pidana dengan acara biasa pada tingkat pertama telah menjatuhkan putusan sebagai berikut dalam perkara terdakwa inama lengkap nur palah als palah bin yusuf tempat lahir sekapas umur ta
2026-06-27 05:50:25,399 - INFO - Extracted jumlah_kata_putusan: 22160 for case_029.txt
2026-06-27 05:50:25,401 - INFO - Processed text file: case_029.txt
2026-06-27 05:50:25,598 - INFO - Extracted nomor_perkara from pattern: 239 pdt g 2025 for case_030.txt
2026-06-27 05:50:25,599 - INFO - Extracted case year from nomor_perkara: 2025 for case_030.txt
2026-06-27 05:50:25,600 - INFO - Extracted date: 23 January 2025 (Year: 2025, Month: January, Day: 23) for case_030.txt
2026-06-27 05:50:25,606 - INFO - Set jenis_perkara to 'Pidana Khusus HAM' due to keyword 'perkawinan' in case_030.txt
2026-06-27 05:50:25,608 - INFO - Set tingkat_pemeriksaan to 'Pertama' for case_030.txt
2026-06-27 05:50:25,609 - INFO - Set lembaga_peradilan to 'Mahkamah Agung' for case_030.txt
2026-06-27 05:50:25,610 - INFO - Extracted pasal: pasal 116 huruf f, Kompilasi Hukum Islam for case_030.txt
2026-06-27 05:50:25,612 - WARNING - No hakim_ketua found in case_030.txt
2026-06-27 05:50:25,616 - INFO - Extracted ringkasan_fakta using pattern 1 for case_030.txt: perkara tertentu dalam tingkat pertama dalam sidang majelis hakim telah menjatuhkan putusan dalam perkara ceraigugat antara xxxxx tempat dan tanggal lahir bandung 1 agustus 1991 agamaislam pekerjaan g
2026-06-27 05:50:25,618 - INFO - Extracted jumlah_kata_putusan: 4806 for case_030.txt
2026-06-27 05:50:25,620 - INFO - Processed text file: case_030.txt
2026-06-27 05:50:25,829 - WARNING - No nomor_perkara found in case_031.txt. Sample text: p u t u s a nno 37 pid b 2013 pn mdl demi keadilan berdasarkan ketuhanan yang maha esa pengadilan negeri mandailing natal yang memeriksa dan mengadili perkara perkara pidana secara biasa pada peradila
2026-06-27 05:50:25,830 - INFO - Extracted date: 20 February 2013 (Year: 2013, Month: February, Day: 20) for case_031.txt
2026-06-27 05:50:25,832 - INFO - Set jenis_perkara to 'Pidana Khusus HAM' due to keyword 'kekerasan\s+dalam\s+rumah\s+tangga' in case_031.txt
2026-06-27 05:50:25,833 - INFO - Set tingkat_pemeriksaan to 'Pertama' for case_031.txt
2026-06-27 05:50:25,836 - INFO - Set lembaga_peradilan to 'Pengadilan Negeri' for case_031.txt
2026-06-27 05:50:25,838 - INFO - Extracted fallback pasal: pasal 44 ayat 1 for case_031.txt
2026-06-27 05:50:25,839 - INFO - Extracted hakim_ketua: sugeng harsoyo sh mhum for case_031.txt
2026-06-27 05:50:25,841 - INFO - Extracted ringkasan_fakta using pattern 1 for case_031.txt: perkara perkara pidana secara biasa pada peradilan tingkat pertama telah menjatuhkan putusan sebagaimana tersebut di bawah ini di dalam perkara terdakwanama lengkap abu hasan as ari harahap tempat lah
2026-06-27 05:50:25,842 - INFO - Extracted jumlah_kata_putusan: 4377 for case_031.txt
2026-06-27 05:50:25,843 - INFO - Processed text file: case_031.txt
2026-06-27 05:50:26,116 - INFO - Extracted nomor_perkara from pattern: 1397 pdt g 2025 for case_032.txt
2026-06-27 05:50:26,117 - INFO - Extracted case year from nomor_perkara: 2025 for case_032.txt
2026-06-27 05:50:26,119 - INFO - Extracted date: 15 May 2025 (Year: 2025, Month: May, Day: 15) for case_032.txt
2026-06-27 05:50:26,121 - INFO - Set jenis_perkara to 'Pidana Khusus HAM' due to keyword 'undang\s*undang\s+nomor\s+23\s+tahun\s+2004' in case_032.txt
2026-06-27 05:50:26,123 - INFO - Set tingkat_pemeriksaan to 'Pertama' for case_032.txt
2026-06-27 05:50:26,125 - INFO - Set lembaga_peradilan to 'Mahkamah Agung' for case_032.txt
2026-06-27 05:50:26,126 - INFO - Extracted pasal: pasal 116 huruf f, Kompilasi Hukum Islam for case_032.txt
2026-06-27 05:50:26,129 - WARNING - No hakim_ketua found in case_032.txt
2026-06-27 05:50:26,132 - INFO - Extracted ringkasan_fakta using pattern 1 for case_032.txt: perkara perdata agama pada tingkat pertama telahmenjatuhkan putusan dalam perkara cerai gugat antara dine ulfah binti dedeng zaenal tempat dan tanggal lahir bandung 14 agustus 1998 agama islam pendidi
2026-06-27 05:50:26,134 - INFO - Extracted jumlah_kata_putusan: 5229 for case_032.txt
2026-06-27 05:50:26,134 - INFO - Processed text file: case_032.txt
2026-06-27 05:50:26,353 - WARNING - No nomor_perkara found in case_033.txt. Sample text: p u t u s a nnomor 63 pid sus 2014 pn soe demi keadilan berdasarkan ketuhanan yang maha esapengadilan negeri soe yang mengadili perkara perkara pidana pada pengadilan tingkat pertama telah menjatuhkan
2026-06-27 05:50:26,354 - INFO - Extracted date: 16 January 2014 (Year: 2014, Month: January, Day: 16) for case_033.txt
2026-06-27 05:50:26,357 - INFO - Set jenis_perkara to 'Pidana Khusus HAM' due to keyword 'kekerasan\s+dalam\s+rumah\s+tangga' in case_033.txt
2026-06-27 05:50:26,358 - INFO - Set tingkat_pemeriksaan to 'Pertama' for case_033.txt
2026-06-27 05:50:26,361 - INFO - Set lembaga_peradilan to 'Pengadilan Negeri' for case_033.txt
2026-06-27 05:50:26,363 - INFO - Extracted fallback pasal: pasal 44 ayat 1 for case_033.txt
2026-06-27 05:50:26,364 - WARNING - No hakim_ketua found in case_033.txt
2026-06-27 05:50:26,368 - INFO - Extracted ringkasan_fakta using pattern 1 for case_033.txt: perkara perkara pidana pada pengadilan tingkat pertama telah menjatuhkan putusan sebagai berikut dalam perkara terdakwa nama lengkap abner saymon yohanis kitu alias oris tempat lahir soe u m u r tangg
2026-06-27 05:50:26,370 - INFO - Extracted jumlah_kata_putusan: 5538 for case_033.txt
2026-06-27 05:50:26,371 - INFO - Processed text file: case_033.txt
2026-06-27 05:50:26,595 - WARNING - No nomor_perkara found in case_034.txt. Sample text: p u t u s a nnomor 378 pid sus 2013 pn rhl demi keadilan berdasarkan ketuhanan yang maha esa pengadilan negeri rokan hilir di ujung tanjung yang memeriksa dan mengadili perkara perkara pidana dengan a
2026-06-27 05:50:26,596 - INFO - Extracted date: 28 May 2013 (Year: 2013, Month: May, Day: 28) for case_034.txt
2026-06-27 05:50:26,598 - INFO - Set jenis_perkara to 'Pidana Khusus HAM' due to keyword 'kekerasan\s+dalam\s+rumah\s+tangga' in case_034.txt
2026-06-27 05:50:26,599 - INFO - Set tingkat_pemeriksaan to 'Pertama' for case_034.txt
2026-06-27 05:50:26,601 - INFO - Set lembaga_peradilan to 'Pengadilan Negeri' for case_034.txt
2026-06-27 05:50:26,603 - INFO - Extracted pasal: pasal 6, 23 tahun 2004 for case_034.txt
2026-06-27 05:50:26,604 - INFO - Extracted hakim_ketua: p h h patra sianipar sh for case_034.txt
2026-06-27 05:50:26,606 - INFO - Extracted ringkasan_fakta using pattern 1 for case_034.txt: perkara perkara pidana dengan acara pemeriksaan biasa pada peradilan tingkat pertama telah menjatuhkan putusan sebagai berikut dalam perkaranya terdakwa namatempat lahirumur tanggal lahirjenis kelamin
2026-06-27 05:50:26,607 - INFO - Extracted jumlah_kata_putusan: 3511 for case_034.txt
2026-06-27 05:50:26,608 - INFO - Processed text file: case_034.txt
2026-06-27 05:50:26,798 - WARNING - No nomor_perkara found in case_035.txt. Sample text: p u t u s a nnomor 110 pid b 2014 pn mdldemi keadilan berdasarkan ketuhanan yang maha esapengadilan negeri mandailing natal yang mengadili perkara perkara pidana dengan acara pemeriksaan biasa dalam p
2026-06-27 05:50:26,799 - INFO - Extracted date: 19 April 2014 (Year: 2014, Month: April, Day: 19) for case_035.txt
2026-06-27 05:50:26,800 - INFO - Set jenis_perkara to 'Pidana Khusus HAM' due to keyword 'kekerasan\s+dalam\s+rumah\s+tangga' in case_035.txt
2026-06-27 05:50:26,800 - INFO - Set tingkat_pemeriksaan to 'Pertama' for case_035.txt
2026-06-27 05:50:26,801 - INFO - Set lembaga_peradilan to 'Mahkamah Syar'iyah' for case_035.txt
2026-06-27 05:50:26,803 - INFO - Extracted pasal: pasal 193 ayat 1, 8 tahun 1981 for case_035.txt
2026-06-27 05:50:26,806 - INFO - Extracted hakim_ketua: terdakwa tidak mengajukan saksi yang meringankan saksi a de charge menimbang bahwa selanjutnya di persidangan terdakwa telah memberi keterangan pada pokoknya sebagai berikut bahwa terdakwa mengerti diperiksa for case_035.txt
2026-06-27 05:50:26,808 - INFO - Extracted ringkasan_fakta using pattern 1 for case_035.txt: perkara perkara pidana dengan acara pemeriksaan biasa dalam peradilan tingkat pertama telah menjatuhkan putusan sebagai berikut dalam perkara terdakwa nama lengkap monang tuana siteputempat lahir sika
2026-06-27 05:50:26,809 - INFO - Extracted jumlah_kata_putusan: 4923 for case_035.txt
2026-06-27 05:50:26,810 - INFO - Processed text file: case_035.txt
2026-06-27 05:50:27,051 - WARNING - No nomor_perkara found in case_036.txt. Sample text: p u t u s a nno 015 pid sus 2013 pn rhl demi keadilan berdasarkan ketuhanan yang maha esa pengadilan negeri rokan hilir yang mengadili perkara perkara pidana pada pengadilan tingkat pertama dengan aca
2026-06-27 05:50:27,053 - INFO - Extracted date: 31 January 2013 (Year: 2013, Month: January, Day: 31) for case_036.txt
2026-06-27 05:50:27,060 - INFO - Set jenis_perkara to 'Pidana Khusus HAM' due to keyword 'hak\s+keluarga' in case_036.txt
2026-06-27 05:50:27,061 - INFO - Set tingkat_pemeriksaan to 'Pertama' for case_036.txt
2026-06-27 05:50:27,064 - INFO - Set lembaga_peradilan to 'Pengadilan Negeri' for case_036.txt
2026-06-27 05:50:27,068 - INFO - Extracted fallback pasal: pasal 81 ayat 2 for case_036.txt
2026-06-27 05:50:27,071 - INFO - Extracted hakim_ketua: p h h patra sianipar s h for case_036.txt
2026-06-27 05:50:27,071 - INFO - Extracted ringkasan_fakta using pattern 1 for case_036.txt: perkara perkara pidana pada pengadilan tingkat pertama dengan acara pemeriksaan biasa telah menjatuhkan putusan sebagai berikut dalam perkara terdakwa nama lengkaptempat lahirumur tanggal lahirjenis k
2026-06-27 05:50:27,073 - INFO - Extracted jumlah_kata_putusan: 6290 for case_036.txt
2026-06-27 05:50:27,075 - INFO - Processed text file: case_036.txt
2026-06-27 05:50:27,276 - WARNING - No nomor_perkara found in case_037.txt. Sample text: p u t u s a nnomor 159 pid sus 2013 pn soe demi keadilan berdasarkan ketuhanan yang maha esapengadilan negeri soe yang mengadili perkara perkara pidana pada pengadilan tingkat pertama telah menjatuhka
2026-06-27 05:50:27,277 - INFO - Extracted date: 11 September 2013 (Year: 2013, Month: September, Day: 11) for case_037.txt
2026-06-27 05:50:27,279 - INFO - Set jenis_perkara to 'Pidana Khusus HAM' due to keyword 'kekerasan\s+dalam\s+rumah\s+tangga' in case_037.txt
2026-06-27 05:50:27,280 - INFO - Set tingkat_pemeriksaan to 'Pertama' for case_037.txt
2026-06-27 05:50:27,281 - INFO - Set lembaga_peradilan to 'Pengadilan Negeri' for case_037.txt
2026-06-27 05:50:27,283 - INFO - Extracted fallback pasal: pasal 44 ayat 1 for case_037.txt
2026-06-27 05:50:27,284 - WARNING - No hakim_ketua found in case_037.txt
2026-06-27 05:50:27,286 - INFO - Extracted ringkasan_fakta using pattern 1 for case_037.txt: perkara perkara pidana pada pengadilan tingkat pertama telah menjatuhkan putusan sebagai berikut dalam perkara terdakwa nama lengkap maxi mus tualaka alias maxi tempat lahir sahan u m u r tanggal lahi
2026-06-27 05:50:27,287 - INFO - Extracted jumlah_kata_putusan: 3793 for case_037.txt
2026-06-27 05:50:27,288 - INFO - Processed text file: case_037.txt
2026-06-27 05:50:27,505 - WARNING - No nomor_perkara found in case_038.txt. Sample text: p u t u s a nnomor 411 pid sus 2013 pn rhl demi keadilan berdasarkan ketuhanan yang maha esa pengadilan negeri rokan hilir di ujung tanjung yang memeriksa dan mengadili perkara perkara pidana dengan a
2026-06-27 05:50:27,506 - INFO - Extracted date: 25 May 2013 (Year: 2013, Month: May, Day: 25) for case_038.txt
2026-06-27 05:50:27,508 - INFO - Set jenis_perkara to 'Pidana Khusus HAM' due to keyword 'kekerasan\s+dalam\s+rumah\s+tangga' in case_038.txt
2026-06-27 05:50:27,511 - INFO - Set tingkat_pemeriksaan to 'Pertama' for case_038.txt
2026-06-27 05:50:27,514 - INFO - Set lembaga_peradilan to 'Pengadilan Negeri' for case_038.txt
2026-06-27 05:50:27,516 - INFO - Extracted pasal: pasal 6, 23 tahun 2004 for case_038.txt
2026-06-27 05:50:27,519 - INFO - Extracted hakim_ketua: p h h patra sianipar sh for case_038.txt
2026-06-27 05:50:27,520 - INFO - Extracted ringkasan_fakta using pattern 1 for case_038.txt: perkara perkara pidana dengan acara pemeriksaan biasa pada peradilan tingkat pertama telah menjatuhkan putusan sebagai berikut dalam perkaranya terdakwa namatempat lahirumur tanggal lahirjenis kelamin
2026-06-27 05:50:27,522 - INFO - Extracted jumlah_kata_putusan: 3548 for case_038.txt
2026-06-27 05:50:27,523 - INFO - Processed text file: case_038.txt
2026-06-27 05:50:27,794 - WARNING - No nomor_perkara found in case_039.txt. Sample text: 1p u t u s a nnomor 55 pid sus 2016 pn soe demi keadilan berdasarkan ketuhanan yang maha esa pengadilan negeri soe yang mengadili perkara pidana dengan acara pemeriksaan biasa dalam tingkat pertama me
2026-06-27 05:50:27,796 - INFO - Extracted date: 17 February 2016 (Year: 2016, Month: February, Day: 17) for case_039.txt
2026-06-27 05:50:27,797 - INFO - Set jenis_perkara to 'Pidana Khusus HAM' due to keyword 'kekerasan\s+dalam\s+rumah\s+tangga' in case_039.txt
2026-06-27 05:50:27,798 - INFO - Set tingkat_pemeriksaan to 'Pertama' for case_039.txt
2026-06-27 05:50:27,799 - INFO - Set lembaga_peradilan to 'Pengadilan Negeri' for case_039.txt
2026-06-27 05:50:27,801 - INFO - Extracted fallback pasal: pasal 44 ayat 1 for case_039.txt
2026-06-27 05:50:27,802 - WARNING - No hakim_ketua found in case_039.txt
2026-06-27 05:50:27,804 - INFO - Extracted ringkasan_fakta using pattern 1 for case_039.txt: perkara pidana dengan acara pemeriksaan biasa dalam tingkat pertama menjatuhkan putusan sebagai berikut dalam perkara terdakwa 1 nama lengkap dedy william ullu als dedy tempat lahir soe umur tanggal l
2026-06-27 05:50:27,806 - INFO - Extracted jumlah_kata_putusan: 3902 for case_039.txt
2026-06-27 05:50:27,807 - INFO - Processed text file: case_039.txt
2026-06-27 05:50:28,032 - WARNING - No nomor_perkara found in case_040.txt. Sample text: p u t u s a nnomor 394 pid sus 2013 pn rhl demi keadilan berdasarkan ketuhanan yang maha esa pengadilan negeri rokan hilir di ujung tanjung yang memeriksa dan mengadili perkara perkara pidana dengan a
2026-06-27 05:50:28,034 - INFO - Extracted date: 19 May 2013 (Year: 2013, Month: May, Day: 19) for case_040.txt
2026-06-27 05:50:28,037 - INFO - Set jenis_perkara to 'Pidana Khusus HAM' due to keyword 'kekerasan\s+dalam\s+rumah\s+tangga' in case_040.txt
2026-06-27 05:50:28,038 - INFO - Set tingkat_pemeriksaan to 'Pertama' for case_040.txt
2026-06-27 05:50:28,041 - INFO - Set lembaga_peradilan to 'Pengadilan Negeri' for case_040.txt
2026-06-27 05:50:28,042 - INFO - Extracted fallback pasal: pasal 44 ayat 1 for case_040.txt
2026-06-27 05:50:28,043 - INFO - Extracted hakim_ketua: p h h patra sianipar sh for case_040.txt
2026-06-27 05:50:28,044 - INFO - Extracted ringkasan_fakta using pattern 1 for case_040.txt: perkara perkara pidana dengan acara pemeriksaan biasa pada peradilan tingkat pertama telah menjatuhkan putusan sebagai berikut dalam perkaranya terdakwa n a m a rudi hartono bin poniran tempat lahir d
2026-06-27 05:50:28,046 - INFO - Extracted jumlah_kata_putusan: 3146 for case_040.txt
2026-06-27 05:50:28,046 - INFO - Processed text file: case_040.txt
2026-06-27 05:50:28,269 - INFO - Extracted nomor_perkara from pattern: 206 pid sus 2014 for case_041.txt
2026-06-27 05:50:28,270 - INFO - Extracted case year from nomor_perkara: 2014 for case_041.txt
2026-06-27 05:50:28,271 - INFO - Extracted date: 13 March 2015 (Year: 2014, Month: March, Day: 13) for case_041.txt
2026-06-27 05:50:28,277 - INFO - Set jenis_perkara to 'Pidana Khusus HAM' due to keyword 'perkawinan' in case_041.txt
2026-06-27 05:50:28,278 - INFO - Set tingkat_pemeriksaan to 'Pertama' for case_041.txt
2026-06-27 05:50:28,280 - INFO - Set lembaga_peradilan to 'Pengadilan Negeri' for case_041.txt
2026-06-27 05:50:28,281 - INFO - Extracted pasal: pasal 81 ayat 2, 35 tahun 2014 for case_041.txt
2026-06-27 05:50:28,327 - WARNING - No hakim_ketua found in case_041.txt
2026-06-27 05:50:28,328 - INFO - Extracted ringkasan_fakta using pattern 1 for case_041.txt: perkara pidana dengan acara pemeriksaan biasa dalam tingkat pertama menjatuhkan putusan sebagai berikut dalam perkara terdakwa nama lengkap herman sembiring bin samin sembiring alm tempat lahir tangsi
2026-06-27 05:50:28,330 - INFO - Extracted jumlah_kata_putusan: 4461 for case_041.txt
2026-06-27 05:50:28,330 - INFO - Processed text file: case_041.txt
2026-06-27 05:50:28,537 - WARNING - No nomor_perkara found in case_042.txt. Sample text: p u t u s a nnomor 44 pid sus 2013 pn rhl demi keadilan berdasarkan ketuhanan yang maha esapengadilan negeri rokan hilir yang memeriksa mengadili dan memutus perkara perkara pidana pada pengadilan tin
2026-06-27 05:50:28,538 - INFO - Extracted date: 09 November 2012 (Year: 2012, Month: November, Day: 9) for case_042.txt
2026-06-27 05:50:28,539 - INFO - Set jenis_perkara to 'Pidana Khusus HAM' due to keyword 'kekerasan\s+dalam\s+rumah\s+tangga' in case_042.txt
2026-06-27 05:50:28,540 - INFO - Set tingkat_pemeriksaan to 'Pertama' for case_042.txt
2026-06-27 05:50:28,544 - INFO - Set lembaga_peradilan to 'Pengadilan Negeri' for case_042.txt
2026-06-27 05:50:28,546 - INFO - Extracted fallback pasal: pasal 44 ayat 3 for case_042.txt
2026-06-27 05:50:28,548 - INFO - Extracted hakim_ketua: hendri sumardi s h m h for case_042.txt
2026-06-27 05:50:28,550 - INFO - Extracted ringkasan_fakta using pattern 1 for case_042.txt: dan memutus perkara perkara pidana pada pengadilan tingkat pertama dengan acara pemeriksaan biasa telah menjatuhkan putusan sebagai berikut di bawah ini dalam perkara terdakwa nama lengkap perjuangan 
2026-06-27 05:50:28,552 - INFO - Extracted jumlah_kata_putusan: 8782 for case_042.txt
2026-06-27 05:50:28,554 - INFO - Processed text file: case_042.txt
2026-06-27 05:50:28,802 - INFO - Extracted nomor_perkara from pattern: 17 pid sus 2015 for case_043.txt
2026-06-27 05:50:28,803 - INFO - Extracted case year from nomor_perkara: 2015 for case_043.txt
2026-06-27 05:50:28,805 - INFO - Extracted date: 12 February 2016 (Year: 2015, Month: February, Day: 12) for case_043.txt
2026-06-27 05:50:28,806 - INFO - Set jenis_perkara to 'Pidana Khusus HAM' due to keyword 'kekerasan\s+dalam\s+rumah\s+tangga' in case_043.txt
2026-06-27 05:50:28,807 - INFO - Set tingkat_pemeriksaan to 'Pertama' for case_043.txt
2026-06-27 05:50:28,809 - INFO - Set lembaga_peradilan to 'Pengadilan Negeri' for case_043.txt
2026-06-27 05:50:28,811 - INFO - Extracted pasal: pasal 34, 1 tahun 1974 for case_043.txt
2026-06-27 05:50:28,813 - INFO - Extracted hakim_ketua: nomor 17 pid sus 2016 pn soe tanggal 12 februari 2016 tentang penetapan hari sidang setelah mendengar keterangan saksi saksi for case_043.txt
2026-06-27 05:50:28,814 - INFO - Extracted ringkasan_fakta using pattern 1 for case_043.txt: perkara pidana dengan acara pemeriksaan biasa dalam tingkat pertama menjatuhkan putusan sebagai berikut dalam perkara terdakwa nama lengkap muhammad latifuddin pulungan tempat lahir jakarta umur tgl l
2026-06-27 05:50:28,815 - INFO - Extracted jumlah_kata_putusan: 4321 for case_043.txt
2026-06-27 05:50:28,817 - INFO - Processed text file: case_043.txt
2026-06-27 05:50:29,003 - WARNING - No nomor_perkara found in case_044.txt. Sample text: p u t u s a nnomor 99 pid sus 2014 pn soe demi keadilan berdasarkan ketuhanan yang maha esapengadilan negeri soe yang mengadili perkara perkara pidana pada pengadilan tingkat pertama telah menjatuhkan
2026-06-27 05:50:29,004 - INFO - Extracted date: 11 June 2014 (Year: 2014, Month: June, Day: 11) for case_044.txt
2026-06-27 05:50:29,005 - INFO - Set jenis_perkara to 'Pidana Khusus HAM' due to keyword 'kekerasan\s+dalam\s+rumah\s+tangga' in case_044.txt
2026-06-27 05:50:29,006 - INFO - Set tingkat_pemeriksaan to 'Pertama' for case_044.txt
2026-06-27 05:50:29,007 - INFO - Set lembaga_peradilan to 'Pengadilan Negeri' for case_044.txt
2026-06-27 05:50:29,008 - INFO - Extracted fallback pasal: pasal 44 ayat 1 for case_044.txt
2026-06-27 05:50:29,010 - WARNING - No hakim_ketua found in case_044.txt
2026-06-27 05:50:29,011 - INFO - Extracted ringkasan_fakta using pattern 1 for case_044.txt: perkara perkara pidana pada pengadilan tingkat pertama telah menjatuhkan putusan sebagai berikut dalam perkara terdakwa nama lengkap filmon tino alias filmon tempat lahir eon musu umur tgl lahir 49 ta
2026-06-27 05:50:29,012 - INFO - Extracted jumlah_kata_putusan: 4002 for case_044.txt
2026-06-27 05:50:29,013 - INFO - Processed text file: case_044.txt
2026-06-27 05:50:29,205 - WARNING - No nomor_perkara found in case_045.txt. Sample text: p u t u s a nnomor 28 pid b 2012 pn mdl demi keadilan berdasarkan ketuhanan yang maha esa pengadilan negeri mandailing natal yang memeriksa dan mengadili perkara perkara pidana dengan acara pemeriksaa
2026-06-27 05:50:29,206 - WARNING - No valid decision date or case year found in case_045.txt.
2026-06-27 05:50:29,207 - INFO - Set jenis_perkara to 'Pidana Khusus HAM' (default) for case_045.txt
2026-06-27 05:50:29,208 - INFO - Set tingkat_pemeriksaan to 'Pertama' for case_045.txt
2026-06-27 05:50:29,208 - INFO - Set lembaga_peradilan to 'Pengadilan Negeri' for case_045.txt
2026-06-27 05:50:29,209 - WARNING - No pasal found in case_045.txt.
2026-06-27 05:50:29,210 - WARNING - No hakim_ketua found in case_045.txt
2026-06-27 05:50:29,211 - INFO - Extracted ringkasan_fakta using pattern 1 for case_045.txt: perkara perkara pidana dengan acara pemeriksaan biasa dalam peradilan tingkat pertama telah menjatuhkan putusan sebagai berikut dalam perkara para terdakwa
2026-06-27 05:50:29,211 - INFO - Extracted jumlah_kata_putusan: 48 for case_045.txt
2026-06-27 05:50:29,212 - INFO - Processed text file: case_045.txt
2026-06-27 05:50:29,459 - WARNING - No nomor_perkara found in case_046.txt. Sample text: p u t u s a nnomor 9 pid sus 2016 pn bekdemi keadilan berdasarkan ketuhanan yang maha esapengadilan negeri bengkayang yang mengadili perkara pidana dengan acara pemeriksaan biasa dalam tingkat pertama
2026-06-27 05:50:29,460 - INFO - Extracted date: 30 November 2015 (Year: 2015, Month: November, Day: 30) for case_046.txt
2026-06-27 05:50:29,467 - INFO - Set jenis_perkara to 'Pidana Khusus HAM' due to keyword 'perkawinan' in case_046.txt
2026-06-27 05:50:29,469 - INFO - Set tingkat_pemeriksaan to 'Pertama' for case_046.txt
2026-06-27 05:50:29,471 - INFO - Set lembaga_peradilan to 'Pengadilan Negeri' for case_046.txt
2026-06-27 05:50:29,474 - INFO - Extracted fallback pasal: pasal 4 for case_046.txt
2026-06-27 05:50:29,477 - WARNING - No hakim_ketua found in case_046.txt
2026-06-27 05:50:29,480 - INFO - Extracted ringkasan_fakta using pattern 1 for case_046.txt: perkara pidana dengan acara pemeriksaan biasa dalam tingkat pertama menjatuhkan putusan sebagai onama lengkap syaipul bin abiet tempat lahir sambas umur tanggal lahir 42 tahun 7 maret 1973 jenis kelam
2026-06-27 05:50:29,483 - INFO - Extracted jumlah_kata_putusan: 9717 for case_046.txt
2026-06-27 05:50:29,485 - INFO - Processed text file: case_046.txt
2026-06-27 05:50:29,720 - WARNING - No nomor_perkara found in case_047.txt. Sample text: p u t u s anno 2072 k pid sus 2012 demi keadilan berdasarkan ketuhanan yang maha esam a h k a m a h a g u n gmemeriksa perkara pidana dalam tingkat kasasi telah memutuskan sebagai berikut dalam perkar
2026-06-27 05:50:29,721 - INFO - Extracted date: 19 January 2007 (Year: 2007, Month: January, Day: 19) for case_047.txt
2026-06-27 05:50:29,726 - INFO - Set jenis_perkara to 'Pidana Khusus HAM' due to keyword 'hak\s+asasi\s+manusia' in case_047.txt
2026-06-27 05:50:29,728 - INFO - Set tingkat_pemeriksaan to 'Kasasi' for case_047.txt
2026-06-27 05:50:29,729 - INFO - Set lembaga_peradilan to 'Mahkamah Agung' for case_047.txt
2026-06-27 05:50:29,731 - INFO - Extracted fallback pasal: pasal 71 ayat 1 for case_047.txt
2026-06-27 05:50:29,733 - INFO - Extracted hakim_ketua: sri murwahyuni sh mh for case_047.txt
2026-06-27 05:50:29,736 - INFO - Extracted ringkasan_fakta using pattern 1 for case_047.txt: menurut undang undang yakni dalam putusannya judex facti tidak mempertimbangkan fakta fakta hukum yang diperoleh dari keterangan ahli yang terungkap di persidangan yaitu a pada halaman 28 keterangan a
2026-06-27 05:50:29,738 - INFO - Extracted jumlah_kata_putusan: 7018 for case_047.txt
2026-06-27 05:50:29,739 - INFO - Processed text file: case_047.txt
2026-06-27 05:50:29,937 - INFO - Extracted nomor_perkara from pattern: 55 pid sus 2015 for case_048.txt
2026-06-27 05:50:29,938 - INFO - Extracted case year from nomor_perkara: 2015 for case_048.txt
2026-06-27 05:50:29,939 - INFO - Extracted date: 16 April 2015 (Year: 2015, Month: April, Day: 16) for case_048.txt
2026-06-27 05:50:29,940 - INFO - Set jenis_perkara to 'Pidana Khusus HAM' due to keyword 'kekerasan\s+dalam\s+rumah\s+tangga' in case_048.txt
2026-06-27 05:50:29,941 - INFO - Set tingkat_pemeriksaan to 'Pertama' for case_048.txt
2026-06-27 05:50:29,942 - INFO - Set lembaga_peradilan to 'Pengadilan Negeri' for case_048.txt
2026-06-27 05:50:29,943 - INFO - Extracted pasal: pasal 34, 1 tahun 1974 for case_048.txt
2026-06-27 05:50:29,945 - WARNING - No hakim_ketua found in case_048.txt
2026-06-27 05:50:29,946 - INFO - Extracted ringkasan_fakta using pattern 1 for case_048.txt: perkara pidana dengan acara pemeriksaan biasa dalam tingkat pertama menjatuhkan putusan sebagai berikut dalam perkara terdakwa nama lengkap pieter yeverson ndun sh tempat lahir kupang umur tgl lahir 3
2026-06-27 05:50:29,947 - INFO - Extracted jumlah_kata_putusan: 4954 for case_048.txt
2026-06-27 05:50:29,948 - INFO - Processed text file: case_048.txt
2026-06-27 05:50:30,149 - WARNING - No nomor_perkara found in case_049.txt. Sample text: 1p u t u s a nnomor 44 pid sus 2016 pn soe demi keadilan berdasarkan ketuhanan yang maha esa pengadilan negeri soe yang mengadili perkara pidana dengan acara pemeriksaan biasa dalam tingkat pertama me
2026-06-27 05:50:30,150 - INFO - Extracted date: 3 February 2016 (Year: 2016, Month: February, Day: 3) for case_049.txt
2026-06-27 05:50:30,151 - INFO - Set jenis_perkara to 'Pidana Khusus HAM' due to keyword 'kekerasan\s+dalam\s+rumah\s+tangga' in case_049.txt
2026-06-27 05:50:30,152 - INFO - Set tingkat_pemeriksaan to 'Pertama' for case_049.txt
2026-06-27 05:50:30,155 - INFO - Set lembaga_peradilan to 'Pengadilan Negeri' for case_049.txt
2026-06-27 05:50:30,157 - INFO - Extracted pasal: pasal 44 ayat 1, 23 tahun 2004 for case_049.txt
2026-06-27 05:50:30,158 - WARNING - No hakim_ketua found in case_049.txt
2026-06-27 05:50:30,161 - INFO - Extracted ringkasan_fakta using pattern 1 for case_049.txt: perkara pidana dengan acara pemeriksaan biasa dalam tingkat pertama menjatuhkan putusan sebagai berikut dalam perkara terdakwa 1 nama lengkap marten kuman tempat lahir naifatu umur tanggal lahir 57 ta
2026-06-27 05:50:30,162 - INFO - Extracted jumlah_kata_putusan: 3229 for case_049.txt
2026-06-27 05:50:30,164 - INFO - Processed text file: case_049.txt
2026-06-27 05:50:30,406 - WARNING - No nomor_perkara found in case_050.txt. Sample text: p u t u s a nnomor 24 pid sus 2014 pn soe demi keadilan berdasarkan ketuhanan yang maha esa pengadilan negeri soe yang mengadili perkara perkara pidana biasa dalam peradilan tingkat pertama telah menj
2026-06-27 05:50:30,407 - INFO - Extracted date: 05 January 2014 (Year: 2014, Month: January, Day: 5) for case_050.txt
2026-06-27 05:50:30,409 - INFO - Set jenis_perkara to 'Pidana Khusus HAM' due to keyword 'kekerasan\s+dalam\s+rumah\s+tangga' in case_050.txt
2026-06-27 05:50:30,411 - INFO - Set tingkat_pemeriksaan to 'Pertama' for case_050.txt
2026-06-27 05:50:30,413 - INFO - Set lembaga_peradilan to 'Mahkamah Agung' for case_050.txt
2026-06-27 05:50:30,414 - INFO - Extracted pasal: pasal 44 ayat 1, 23 tahun 2004 for case_050.txt
2026-06-27 05:50:30,416 - INFO - Extracted hakim_ketua: ngguli liwar mbani awang s h for case_050.txt
2026-06-27 05:50:30,419 - INFO - Extracted ringkasan_fakta using pattern 1 for case_050.txt: perkara perkara pidana biasa dalam peradilan tingkat pertama telah menjatuhkan putusan sebagai berikut dibawah ini dalam perkara terdakwa nama lengkaptempat lahirumur tanggal lahirjenis kelaminkebangs
2026-06-27 05:50:30,422 - INFO - Extracted jumlah_kata_putusan: 5000 for case_050.txt
2026-06-27 05:50:30,424 - INFO - Processed text file: case_050.txt
2026-06-27 05:50:30,691 - INFO - Wrote metadata for case_id: case_005
2026-06-27 05:50:30,692 - INFO - Wrote metadata for case_id: case_006
2026-06-27 05:50:30,693 - INFO - Wrote metadata for case_id: case_007
2026-06-27 05:50:30,699 - INFO - Wrote metadata for case_id: case_008
2026-06-27 05:50:30,702 - INFO - Wrote metadata for case_id: case_009
2026-06-27 05:50:30,710 - INFO - Wrote metadata for case_id: case_004
2026-06-27 05:50:30,712 - INFO - Wrote metadata for case_id: case_002
2026-06-27 05:50:30,714 - INFO - Wrote metadata for case_id: case_001
2026-06-27 05:50:30,717 - INFO - Wrote metadata for case_id: case_003
2026-06-27 05:50:30,720 - INFO - Wrote metadata for case_id: case_010
2026-06-27 05:50:30,722 - INFO - Wrote metadata for case_id: case_011
2026-06-27 05:50:30,725 - INFO - Wrote metadata for case_id: case_012
2026-06-27 05:50:30,726 - INFO - Wrote metadata for case_id: case_013
2026-06-27 05:50:30,728 - INFO - Wrote metadata for case_id: case_014
2026-06-27 05:50:30,730 - INFO - Wrote metadata for case_id: case_015
2026-06-27 05:50:30,733 - INFO - Wrote metadata for case_id: case_016
2026-06-27 05:50:30,742 - INFO - Wrote metadata for case_id: case_017
2026-06-27 05:50:30,743 - INFO - Wrote metadata for case_id: case_018
2026-06-27 05:50:30,745 - INFO - Wrote metadata for case_id: case_019
2026-06-27 05:50:30,747 - INFO - Wrote metadata for case_id: case_020
2026-06-27 05:50:30,749 - INFO - Wrote metadata for case_id: case_021
2026-06-27 05:50:30,752 - INFO - Wrote metadata for case_id: case_022
2026-06-27 05:50:30,755 - INFO - Wrote metadata for case_id: case_023
2026-06-27 05:50:30,758 - INFO - Wrote metadata for case_id: case_024
2026-06-27 05:50:30,760 - INFO - Wrote metadata for case_id: case_025
2026-06-27 05:50:30,762 - INFO - Wrote metadata for case_id: case_026
2026-06-27 05:50:30,764 - INFO - Wrote metadata for case_id: case_027
2026-06-27 05:50:30,766 - INFO - Wrote metadata for case_id: case_028
2026-06-27 05:50:30,773 - INFO - Wrote metadata for case_id: case_029
2026-06-27 05:50:30,775 - INFO - Wrote metadata for case_id: case_030
2026-06-27 05:50:30,776 - INFO - Wrote metadata for case_id: case_031
2026-06-27 05:50:30,778 - INFO - Wrote metadata for case_id: case_032
2026-06-27 05:50:30,780 - INFO - Wrote metadata for case_id: case_033
2026-06-27 05:50:30,782 - INFO - Wrote metadata for case_id: case_034
2026-06-27 05:50:30,784 - INFO - Wrote metadata for case_id: case_035
2026-06-27 05:50:30,786 - INFO - Wrote metadata for case_id: case_036
2026-06-27 05:50:30,788 - INFO - Wrote metadata for case_id: case_037
2026-06-27 05:50:30,789 - INFO - Wrote metadata for case_id: case_038
2026-06-27 05:50:30,791 - INFO - Wrote metadata for case_id: case_039
2026-06-27 05:50:30,792 - INFO - Wrote metadata for case_id: case_040
2026-06-27 05:50:30,794 - INFO - Wrote metadata for case_id: case_041
2026-06-27 05:50:30,796 - INFO - Wrote metadata for case_id: case_042
2026-06-27 05:50:30,798 - INFO - Wrote metadata for case_id: case_043
2026-06-27 05:50:30,799 - INFO - Wrote metadata for case_id: case_044
2026-06-27 05:50:30,800 - INFO - Wrote metadata for case_id: case_045
2026-06-27 05:50:30,802 - INFO - Wrote metadata for case_id: case_046
2026-06-27 05:50:30,804 - INFO - Wrote metadata for case_id: case_047
2026-06-27 05:50:30,806 - INFO - Wrote metadata for case_id: case_048
2026-06-27 05:50:30,808 - INFO - Wrote metadata for case_id: case_049
2026-06-27 05:50:30,810 - INFO - Wrote metadata for case_id: case_050
2026-06-27 05:50:30,816 - INFO - Saved 50 metadata entries to /content/drive/MyDrive/Penalaran Komputer (460, 464)/Data/processed/cases.csv
